ARM GAS  C:\Users\rolf\AppData\Local\Temp\ccHwHvcV.s 			page 1


   1              		.syntax unified
   2              		.cpu cortex-m4
   3              		.eabi_attribute 27, 1
   4              		.fpu fpv4-sp-d16
   5              		.eabi_attribute 20, 1
   6              		.eabi_attribute 21, 1
   7              		.eabi_attribute 23, 3
   8              		.eabi_attribute 24, 1
   9              		.eabi_attribute 25, 1
  10              		.eabi_attribute 26, 1
  11              		.eabi_attribute 30, 1
  12              		.eabi_attribute 34, 1
  13              		.eabi_attribute 18, 4
  14              		.thumb
  15              		.syntax unified
  16              		.file	"BLE_custom_config.c"
  17              		.text
  18              	.Ltext0:
  19              		.cfi_sections	.debug_frame
  20              		.global	cy_ble_customConfig
  21              		.section	.rodata
  22              		.align	2
  23              		.type	cy_ble_customs, %object
  24              		.size	cy_ble_customs, 10
  25              	cy_ble_customs:
  26 0000 1F00     		.short	31
  27 0002 2100     		.short	33
  28 0004 2200     		.short	34
  29 0006 2400     		.short	36
  30 0008 0000     		.short	0
  31              		.data
  32              		.align	2
  33              		.type	cy_ble_customConfig, %object
  34              		.size	cy_ble_customConfig, 4
  35              	cy_ble_customConfig:
  36 0000 00000000 		.word	cy_ble_customs
  37              		.text
  38              	.Letext0:
  39              		.file 1 "c:\\program files (x86)\\cypress\\psoc creator\\4.4\\psoc creator\\import\\gnu\\arm\\5.4.
  40              		.file 2 "c:\\program files (x86)\\cypress\\psoc creator\\4.4\\psoc creator\\import\\gnu\\arm\\5.4.
  41              		.file 3 "Generated_Source\\PSoC6\\pdl\\drivers/peripheral/device/cy_device.h"
  42              		.file 4 "Generated_Source\\PSoC6\\pdl\\middleware/ble/cy_ble_stack_host_main.h"
  43              		.file 5 "Generated_Source\\PSoC6\\pdl\\middleware/ble/cy_ble_stack_gatt.h"
  44              		.file 6 "Generated_Source\\PSoC6\\pdl\\middleware/ble/cy_ble_gap.h"
  45              		.file 7 "Generated_Source\\PSoC6\\pdl\\middleware/ble/cy_ble_custom.h"
  46              		.file 8 "Generated_Source\\PSoC6\\pdl\\cmsis/include/core_cm4.h"
  47              		.file 9 "Generated_Source\\PSoC6\\BLE_custom_config.c"
  48              		.section	.debug_info,"",%progbits
  49              	.Ldebug_info0:
  50 0000 0D070000 		.4byte	0x70d
  51 0004 0400     		.2byte	0x4
  52 0006 00000000 		.4byte	.Ldebug_abbrev0
  53 000a 04       		.byte	0x4
  54 000b 01       		.uleb128 0x1
  55 000c FB050000 		.4byte	.LASF144
  56 0010 0C       		.byte	0xc
  57 0011 F5030000 		.4byte	.LASF145
ARM GAS  C:\Users\rolf\AppData\Local\Temp\ccHwHvcV.s 			page 2


  58 0015 87070000 		.4byte	.LASF146
  59 0019 00000000 		.4byte	.Ldebug_line0
  60 001d 02       		.uleb128 0x2
  61 001e 04       		.byte	0x4
  62 001f 05       		.byte	0x5
  63 0020 696E7400 		.ascii	"int\000"
  64 0024 03       		.uleb128 0x3
  65 0025 04       		.byte	0x4
  66 0026 07       		.byte	0x7
  67 0027 60030000 		.4byte	.LASF0
  68 002b 03       		.uleb128 0x3
  69 002c 08       		.byte	0x8
  70 002d 05       		.byte	0x5
  71 002e 60010000 		.4byte	.LASF1
  72 0032 03       		.uleb128 0x3
  73 0033 08       		.byte	0x8
  74 0034 04       		.byte	0x4
  75 0035 65080000 		.4byte	.LASF2
  76 0039 03       		.uleb128 0x3
  77 003a 01       		.byte	0x1
  78 003b 06       		.byte	0x6
  79 003c 6E010000 		.4byte	.LASF3
  80 0040 04       		.uleb128 0x4
  81 0041 86000000 		.4byte	.LASF5
  82 0045 01       		.byte	0x1
  83 0046 1D       		.byte	0x1d
  84 0047 4B000000 		.4byte	0x4b
  85 004b 03       		.uleb128 0x3
  86 004c 01       		.byte	0x1
  87 004d 08       		.byte	0x8
  88 004e 65070000 		.4byte	.LASF4
  89 0052 04       		.uleb128 0x4
  90 0053 F7020000 		.4byte	.LASF6
  91 0057 01       		.byte	0x1
  92 0058 29       		.byte	0x29
  93 0059 5D000000 		.4byte	0x5d
  94 005d 03       		.uleb128 0x3
  95 005e 02       		.byte	0x2
  96 005f 05       		.byte	0x5
  97 0060 C2070000 		.4byte	.LASF7
  98 0064 04       		.uleb128 0x4
  99 0065 90080000 		.4byte	.LASF8
 100 0069 01       		.byte	0x1
 101 006a 2B       		.byte	0x2b
 102 006b 6F000000 		.4byte	0x6f
 103 006f 03       		.uleb128 0x3
 104 0070 02       		.byte	0x2
 105 0071 07       		.byte	0x7
 106 0072 E9080000 		.4byte	.LASF9
 107 0076 04       		.uleb128 0x4
 108 0077 AE080000 		.4byte	.LASF10
 109 007b 01       		.byte	0x1
 110 007c 3F       		.byte	0x3f
 111 007d 81000000 		.4byte	0x81
 112 0081 03       		.uleb128 0x3
 113 0082 04       		.byte	0x4
 114 0083 05       		.byte	0x5
ARM GAS  C:\Users\rolf\AppData\Local\Temp\ccHwHvcV.s 			page 3


 115 0084 E2010000 		.4byte	.LASF11
 116 0088 04       		.uleb128 0x4
 117 0089 CD020000 		.4byte	.LASF12
 118 008d 01       		.byte	0x1
 119 008e 41       		.byte	0x41
 120 008f 93000000 		.4byte	0x93
 121 0093 03       		.uleb128 0x3
 122 0094 04       		.byte	0x4
 123 0095 07       		.byte	0x7
 124 0096 CF030000 		.4byte	.LASF13
 125 009a 03       		.uleb128 0x3
 126 009b 08       		.byte	0x8
 127 009c 07       		.byte	0x7
 128 009d E8000000 		.4byte	.LASF14
 129 00a1 03       		.uleb128 0x3
 130 00a2 04       		.byte	0x4
 131 00a3 07       		.byte	0x7
 132 00a4 25050000 		.4byte	.LASF15
 133 00a8 03       		.uleb128 0x3
 134 00a9 01       		.byte	0x1
 135 00aa 08       		.byte	0x8
 136 00ab 71080000 		.4byte	.LASF16
 137 00af 04       		.uleb128 0x4
 138 00b0 AD090000 		.4byte	.LASF17
 139 00b4 02       		.byte	0x2
 140 00b5 18       		.byte	0x18
 141 00b6 40000000 		.4byte	0x40
 142 00ba 04       		.uleb128 0x4
 143 00bb 58010000 		.4byte	.LASF18
 144 00bf 02       		.byte	0x2
 145 00c0 20       		.byte	0x20
 146 00c1 52000000 		.4byte	0x52
 147 00c5 04       		.uleb128 0x4
 148 00c6 B4030000 		.4byte	.LASF19
 149 00ca 02       		.byte	0x2
 150 00cb 24       		.byte	0x24
 151 00cc 64000000 		.4byte	0x64
 152 00d0 04       		.uleb128 0x4
 153 00d1 5D070000 		.4byte	.LASF20
 154 00d5 02       		.byte	0x2
 155 00d6 2C       		.byte	0x2c
 156 00d7 76000000 		.4byte	0x76
 157 00db 04       		.uleb128 0x4
 158 00dc 5C080000 		.4byte	.LASF21
 159 00e0 02       		.byte	0x2
 160 00e1 30       		.byte	0x30
 161 00e2 88000000 		.4byte	0x88
 162 00e6 05       		.uleb128 0x5
 163 00e7 B8       		.byte	0xb8
 164 00e8 03       		.byte	0x3
 165 00e9 34       		.byte	0x34
 166 00ea F7040000 		.4byte	0x4f7
 167 00ee 06       		.uleb128 0x6
 168 00ef CF000000 		.4byte	.LASF22
 169 00f3 03       		.byte	0x3
 170 00f4 37       		.byte	0x37
 171 00f5 DB000000 		.4byte	0xdb
ARM GAS  C:\Users\rolf\AppData\Local\Temp\ccHwHvcV.s 			page 4


 172 00f9 00       		.byte	0
 173 00fa 06       		.uleb128 0x6
 174 00fb C2020000 		.4byte	.LASF23
 175 00ff 03       		.byte	0x3
 176 0100 38       		.byte	0x38
 177 0101 DB000000 		.4byte	0xdb
 178 0105 04       		.byte	0x4
 179 0106 06       		.uleb128 0x6
 180 0107 26020000 		.4byte	.LASF24
 181 010b 03       		.byte	0x3
 182 010c 39       		.byte	0x39
 183 010d DB000000 		.4byte	0xdb
 184 0111 08       		.byte	0x8
 185 0112 06       		.uleb128 0x6
 186 0113 25070000 		.4byte	.LASF25
 187 0117 03       		.byte	0x3
 188 0118 3A       		.byte	0x3a
 189 0119 DB000000 		.4byte	0xdb
 190 011d 0C       		.byte	0xc
 191 011e 06       		.uleb128 0x6
 192 011f 8F010000 		.4byte	.LASF26
 193 0123 03       		.byte	0x3
 194 0124 3B       		.byte	0x3b
 195 0125 DB000000 		.4byte	0xdb
 196 0129 10       		.byte	0x10
 197 012a 06       		.uleb128 0x6
 198 012b D8010000 		.4byte	.LASF27
 199 012f 03       		.byte	0x3
 200 0130 3C       		.byte	0x3c
 201 0131 DB000000 		.4byte	0xdb
 202 0135 14       		.byte	0x14
 203 0136 06       		.uleb128 0x6
 204 0137 EC030000 		.4byte	.LASF28
 205 013b 03       		.byte	0x3
 206 013c 3D       		.byte	0x3d
 207 013d DB000000 		.4byte	0xdb
 208 0141 18       		.byte	0x18
 209 0142 06       		.uleb128 0x6
 210 0143 67000000 		.4byte	.LASF29
 211 0147 03       		.byte	0x3
 212 0148 3E       		.byte	0x3e
 213 0149 DB000000 		.4byte	0xdb
 214 014d 1C       		.byte	0x1c
 215 014e 06       		.uleb128 0x6
 216 014f 170A0000 		.4byte	.LASF30
 217 0153 03       		.byte	0x3
 218 0154 3F       		.byte	0x3f
 219 0155 DB000000 		.4byte	0xdb
 220 0159 20       		.byte	0x20
 221 015a 06       		.uleb128 0x6
 222 015b E3050000 		.4byte	.LASF31
 223 015f 03       		.byte	0x3
 224 0160 40       		.byte	0x40
 225 0161 DB000000 		.4byte	0xdb
 226 0165 24       		.byte	0x24
 227 0166 06       		.uleb128 0x6
 228 0167 DA040000 		.4byte	.LASF32
ARM GAS  C:\Users\rolf\AppData\Local\Temp\ccHwHvcV.s 			page 5


 229 016b 03       		.byte	0x3
 230 016c 43       		.byte	0x43
 231 016d AF000000 		.4byte	0xaf
 232 0171 28       		.byte	0x28
 233 0172 06       		.uleb128 0x6
 234 0173 4D000000 		.4byte	.LASF33
 235 0177 03       		.byte	0x3
 236 0178 44       		.byte	0x44
 237 0179 AF000000 		.4byte	0xaf
 238 017d 29       		.byte	0x29
 239 017e 06       		.uleb128 0x6
 240 017f 0D0A0000 		.4byte	.LASF34
 241 0183 03       		.byte	0x3
 242 0184 45       		.byte	0x45
 243 0185 AF000000 		.4byte	0xaf
 244 0189 2A       		.byte	0x2a
 245 018a 06       		.uleb128 0x6
 246 018b D5050000 		.4byte	.LASF35
 247 018f 03       		.byte	0x3
 248 0190 46       		.byte	0x46
 249 0191 AF000000 		.4byte	0xaf
 250 0195 2B       		.byte	0x2b
 251 0196 06       		.uleb128 0x6
 252 0197 6A040000 		.4byte	.LASF36
 253 019b 03       		.byte	0x3
 254 019c 47       		.byte	0x47
 255 019d AF000000 		.4byte	0xaf
 256 01a1 2C       		.byte	0x2c
 257 01a2 06       		.uleb128 0x6
 258 01a3 C8080000 		.4byte	.LASF37
 259 01a7 03       		.byte	0x3
 260 01a8 48       		.byte	0x48
 261 01a9 AF000000 		.4byte	0xaf
 262 01ad 2D       		.byte	0x2d
 263 01ae 06       		.uleb128 0x6
 264 01af 98010000 		.4byte	.LASF38
 265 01b3 03       		.byte	0x3
 266 01b4 49       		.byte	0x49
 267 01b5 AF000000 		.4byte	0xaf
 268 01b9 2E       		.byte	0x2e
 269 01ba 06       		.uleb128 0x6
 270 01bb 04050000 		.4byte	.LASF39
 271 01bf 03       		.byte	0x3
 272 01c0 4A       		.byte	0x4a
 273 01c1 AF000000 		.4byte	0xaf
 274 01c5 2F       		.byte	0x2f
 275 01c6 06       		.uleb128 0x6
 276 01c7 76080000 		.4byte	.LASF40
 277 01cb 03       		.byte	0x3
 278 01cc 4B       		.byte	0x4b
 279 01cd AF000000 		.4byte	0xaf
 280 01d1 30       		.byte	0x30
 281 01d2 06       		.uleb128 0x6
 282 01d3 E1030000 		.4byte	.LASF41
 283 01d7 03       		.byte	0x3
 284 01d8 4E       		.byte	0x4e
 285 01d9 AF000000 		.4byte	0xaf
ARM GAS  C:\Users\rolf\AppData\Local\Temp\ccHwHvcV.s 			page 6


 286 01dd 31       		.byte	0x31
 287 01de 06       		.uleb128 0x6
 288 01df 78000000 		.4byte	.LASF42
 289 01e3 03       		.byte	0x3
 290 01e4 4F       		.byte	0x4f
 291 01e5 AF000000 		.4byte	0xaf
 292 01e9 32       		.byte	0x32
 293 01ea 06       		.uleb128 0x6
 294 01eb 54030000 		.4byte	.LASF43
 295 01ef 03       		.byte	0x3
 296 01f0 50       		.byte	0x50
 297 01f1 AF000000 		.4byte	0xaf
 298 01f5 33       		.byte	0x33
 299 01f6 06       		.uleb128 0x6
 300 01f7 39050000 		.4byte	.LASF44
 301 01fb 03       		.byte	0x3
 302 01fc 51       		.byte	0x51
 303 01fd AF000000 		.4byte	0xaf
 304 0201 34       		.byte	0x34
 305 0202 06       		.uleb128 0x6
 306 0203 13090000 		.4byte	.LASF45
 307 0207 03       		.byte	0x3
 308 0208 52       		.byte	0x52
 309 0209 BA000000 		.4byte	0xba
 310 020d 36       		.byte	0x36
 311 020e 06       		.uleb128 0x6
 312 020f 40020000 		.4byte	.LASF46
 313 0213 03       		.byte	0x3
 314 0214 53       		.byte	0x53
 315 0215 BA000000 		.4byte	0xba
 316 0219 38       		.byte	0x38
 317 021a 06       		.uleb128 0x6
 318 021b 62090000 		.4byte	.LASF47
 319 021f 03       		.byte	0x3
 320 0220 54       		.byte	0x54
 321 0221 BA000000 		.4byte	0xba
 322 0225 3A       		.byte	0x3a
 323 0226 06       		.uleb128 0x6
 324 0227 FE090000 		.4byte	.LASF48
 325 022b 03       		.byte	0x3
 326 022c 55       		.byte	0x55
 327 022d AF000000 		.4byte	0xaf
 328 0231 3C       		.byte	0x3c
 329 0232 06       		.uleb128 0x6
 330 0233 67020000 		.4byte	.LASF49
 331 0237 03       		.byte	0x3
 332 0238 56       		.byte	0x56
 333 0239 AF000000 		.4byte	0xaf
 334 023d 3D       		.byte	0x3d
 335 023e 06       		.uleb128 0x6
 336 023f 3E080000 		.4byte	.LASF50
 337 0243 03       		.byte	0x3
 338 0244 57       		.byte	0x57
 339 0245 AF000000 		.4byte	0xaf
 340 0249 3E       		.byte	0x3e
 341 024a 06       		.uleb128 0x6
 342 024b 5B000000 		.4byte	.LASF51
ARM GAS  C:\Users\rolf\AppData\Local\Temp\ccHwHvcV.s 			page 7


 343 024f 03       		.byte	0x3
 344 0250 58       		.byte	0x58
 345 0251 AF000000 		.4byte	0xaf
 346 0255 3F       		.byte	0x3f
 347 0256 06       		.uleb128 0x6
 348 0257 EE050000 		.4byte	.LASF52
 349 025b 03       		.byte	0x3
 350 025c 59       		.byte	0x59
 351 025d AF000000 		.4byte	0xaf
 352 0261 40       		.byte	0x40
 353 0262 06       		.uleb128 0x6
 354 0263 E7020000 		.4byte	.LASF53
 355 0267 03       		.byte	0x3
 356 0268 5A       		.byte	0x5a
 357 0269 AF000000 		.4byte	0xaf
 358 026d 41       		.byte	0x41
 359 026e 06       		.uleb128 0x6
 360 026f 86040000 		.4byte	.LASF54
 361 0273 03       		.byte	0x3
 362 0274 5B       		.byte	0x5b
 363 0275 AF000000 		.4byte	0xaf
 364 0279 42       		.byte	0x42
 365 027a 06       		.uleb128 0x6
 366 027b B3050000 		.4byte	.LASF55
 367 027f 03       		.byte	0x3
 368 0280 5C       		.byte	0x5c
 369 0281 AF000000 		.4byte	0xaf
 370 0285 43       		.byte	0x43
 371 0286 06       		.uleb128 0x6
 372 0287 2F020000 		.4byte	.LASF56
 373 028b 03       		.byte	0x3
 374 028c 5D       		.byte	0x5d
 375 028d AF000000 		.4byte	0xaf
 376 0291 44       		.byte	0x44
 377 0292 06       		.uleb128 0x6
 378 0293 00000000 		.4byte	.LASF57
 379 0297 03       		.byte	0x3
 380 0298 5E       		.byte	0x5e
 381 0299 DB000000 		.4byte	0xdb
 382 029d 48       		.byte	0x48
 383 029e 06       		.uleb128 0x6
 384 029f 02020000 		.4byte	.LASF58
 385 02a3 03       		.byte	0x3
 386 02a4 5F       		.byte	0x5f
 387 02a5 DB000000 		.4byte	0xdb
 388 02a9 4C       		.byte	0x4c
 389 02aa 06       		.uleb128 0x6
 390 02ab 8D0A0000 		.4byte	.LASF59
 391 02af 03       		.byte	0x3
 392 02b0 60       		.byte	0x60
 393 02b1 AF000000 		.4byte	0xaf
 394 02b5 50       		.byte	0x50
 395 02b6 06       		.uleb128 0x6
 396 02b7 32010000 		.4byte	.LASF60
 397 02bb 03       		.byte	0x3
 398 02bc 61       		.byte	0x61
 399 02bd AF000000 		.4byte	0xaf
ARM GAS  C:\Users\rolf\AppData\Local\Temp\ccHwHvcV.s 			page 8


 400 02c1 51       		.byte	0x51
 401 02c2 06       		.uleb128 0x6
 402 02c3 AE060000 		.4byte	.LASF61
 403 02c7 03       		.byte	0x3
 404 02c8 62       		.byte	0x62
 405 02c9 AF000000 		.4byte	0xaf
 406 02cd 52       		.byte	0x52
 407 02ce 06       		.uleb128 0x6
 408 02cf 350A0000 		.4byte	.LASF62
 409 02d3 03       		.byte	0x3
 410 02d4 63       		.byte	0x63
 411 02d5 AF000000 		.4byte	0xaf
 412 02d9 53       		.byte	0x53
 413 02da 06       		.uleb128 0x6
 414 02db 4C080000 		.4byte	.LASF63
 415 02df 03       		.byte	0x3
 416 02e0 64       		.byte	0x64
 417 02e1 AF000000 		.4byte	0xaf
 418 02e5 54       		.byte	0x54
 419 02e6 06       		.uleb128 0x6
 420 02e7 44010000 		.4byte	.LASF64
 421 02eb 03       		.byte	0x3
 422 02ec 65       		.byte	0x65
 423 02ed AF000000 		.4byte	0xaf
 424 02f1 55       		.byte	0x55
 425 02f2 06       		.uleb128 0x6
 426 02f3 D5080000 		.4byte	.LASF65
 427 02f7 03       		.byte	0x3
 428 02f8 66       		.byte	0x66
 429 02f9 AF000000 		.4byte	0xaf
 430 02fd 56       		.byte	0x56
 431 02fe 06       		.uleb128 0x6
 432 02ff FA070000 		.4byte	.LASF66
 433 0303 03       		.byte	0x3
 434 0304 67       		.byte	0x67
 435 0305 AF000000 		.4byte	0xaf
 436 0309 57       		.byte	0x57
 437 030a 06       		.uleb128 0x6
 438 030b 12000000 		.4byte	.LASF67
 439 030f 03       		.byte	0x3
 440 0310 68       		.byte	0x68
 441 0311 AF000000 		.4byte	0xaf
 442 0315 58       		.byte	0x58
 443 0316 06       		.uleb128 0x6
 444 0317 73070000 		.4byte	.LASF68
 445 031b 03       		.byte	0x3
 446 031c 69       		.byte	0x69
 447 031d AF000000 		.4byte	0xaf
 448 0321 59       		.byte	0x59
 449 0322 06       		.uleb128 0x6
 450 0323 2E050000 		.4byte	.LASF69
 451 0327 03       		.byte	0x3
 452 0328 6E       		.byte	0x6e
 453 0329 C5000000 		.4byte	0xc5
 454 032d 5A       		.byte	0x5a
 455 032e 06       		.uleb128 0x6
 456 032f FC080000 		.4byte	.LASF70
ARM GAS  C:\Users\rolf\AppData\Local\Temp\ccHwHvcV.s 			page 9


 457 0333 03       		.byte	0x3
 458 0334 6F       		.byte	0x6f
 459 0335 C5000000 		.4byte	0xc5
 460 0339 5C       		.byte	0x5c
 461 033a 06       		.uleb128 0x6
 462 033b D9000000 		.4byte	.LASF71
 463 033f 03       		.byte	0x3
 464 0340 70       		.byte	0x70
 465 0341 AF000000 		.4byte	0xaf
 466 0345 5E       		.byte	0x5e
 467 0346 06       		.uleb128 0x6
 468 0347 0F070000 		.4byte	.LASF72
 469 034b 03       		.byte	0x3
 470 034c 71       		.byte	0x71
 471 034d AF000000 		.4byte	0xaf
 472 0351 5F       		.byte	0x5f
 473 0352 06       		.uleb128 0x6
 474 0353 A2050000 		.4byte	.LASF73
 475 0357 03       		.byte	0x3
 476 0358 72       		.byte	0x72
 477 0359 AF000000 		.4byte	0xaf
 478 035d 60       		.byte	0x60
 479 035e 06       		.uleb128 0x6
 480 035f E8060000 		.4byte	.LASF74
 481 0363 03       		.byte	0x3
 482 0364 73       		.byte	0x73
 483 0365 DB000000 		.4byte	0xdb
 484 0369 64       		.byte	0x64
 485 036a 06       		.uleb128 0x6
 486 036b FF000000 		.4byte	.LASF75
 487 036f 03       		.byte	0x3
 488 0370 76       		.byte	0x76
 489 0371 C5000000 		.4byte	0xc5
 490 0375 68       		.byte	0x68
 491 0376 06       		.uleb128 0x6
 492 0377 BD030000 		.4byte	.LASF76
 493 037b 03       		.byte	0x3
 494 037c 77       		.byte	0x77
 495 037d C5000000 		.4byte	0xc5
 496 0381 6A       		.byte	0x6a
 497 0382 06       		.uleb128 0x6
 498 0383 20040000 		.4byte	.LASF77
 499 0387 03       		.byte	0x3
 500 0388 78       		.byte	0x78
 501 0389 C5000000 		.4byte	0xc5
 502 038d 6C       		.byte	0x6c
 503 038e 06       		.uleb128 0x6
 504 038f 5D040000 		.4byte	.LASF78
 505 0393 03       		.byte	0x3
 506 0394 79       		.byte	0x79
 507 0395 C5000000 		.4byte	0xc5
 508 0399 6E       		.byte	0x6e
 509 039a 06       		.uleb128 0x6
 510 039b E6070000 		.4byte	.LASF79
 511 039f 03       		.byte	0x3
 512 03a0 7B       		.byte	0x7b
 513 03a1 AF000000 		.4byte	0xaf
ARM GAS  C:\Users\rolf\AppData\Local\Temp\ccHwHvcV.s 			page 10


 514 03a5 70       		.byte	0x70
 515 03a6 06       		.uleb128 0x6
 516 03a7 7A010000 		.4byte	.LASF80
 517 03ab 03       		.byte	0x3
 518 03ac 7C       		.byte	0x7c
 519 03ad AF000000 		.4byte	0xaf
 520 03b1 71       		.byte	0x71
 521 03b2 06       		.uleb128 0x6
 522 03b3 1F0A0000 		.4byte	.LASF81
 523 03b7 03       		.byte	0x3
 524 03b8 7D       		.byte	0x7d
 525 03b9 AF000000 		.4byte	0xaf
 526 03bd 72       		.byte	0x72
 527 03be 06       		.uleb128 0x6
 528 03bf 69050000 		.4byte	.LASF82
 529 03c3 03       		.byte	0x3
 530 03c4 7E       		.byte	0x7e
 531 03c5 AF000000 		.4byte	0xaf
 532 03c9 73       		.byte	0x73
 533 03ca 06       		.uleb128 0x6
 534 03cb 72020000 		.4byte	.LASF83
 535 03cf 03       		.byte	0x3
 536 03d0 80       		.byte	0x80
 537 03d1 C5000000 		.4byte	0xc5
 538 03d5 74       		.byte	0x74
 539 03d6 06       		.uleb128 0x6
 540 03d7 9B080000 		.4byte	.LASF84
 541 03db 03       		.byte	0x3
 542 03dc 81       		.byte	0x81
 543 03dd C5000000 		.4byte	0xc5
 544 03e1 76       		.byte	0x76
 545 03e2 06       		.uleb128 0x6
 546 03e3 52020000 		.4byte	.LASF85
 547 03e7 03       		.byte	0x3
 548 03e8 82       		.byte	0x82
 549 03e9 C5000000 		.4byte	0xc5
 550 03ed 78       		.byte	0x78
 551 03ee 06       		.uleb128 0x6
 552 03ef 90000000 		.4byte	.LASF86
 553 03f3 03       		.byte	0x3
 554 03f4 83       		.byte	0x83
 555 03f5 C5000000 		.4byte	0xc5
 556 03f9 7A       		.byte	0x7a
 557 03fa 06       		.uleb128 0x6
 558 03fb CA090000 		.4byte	.LASF87
 559 03ff 03       		.byte	0x3
 560 0400 86       		.byte	0x86
 561 0401 AF000000 		.4byte	0xaf
 562 0405 7C       		.byte	0x7c
 563 0406 06       		.uleb128 0x6
 564 0407 20090000 		.4byte	.LASF88
 565 040b 03       		.byte	0x3
 566 040c 87       		.byte	0x87
 567 040d AF000000 		.4byte	0xaf
 568 0411 7D       		.byte	0x7d
 569 0412 06       		.uleb128 0x6
 570 0413 26000000 		.4byte	.LASF89
ARM GAS  C:\Users\rolf\AppData\Local\Temp\ccHwHvcV.s 			page 11


 571 0417 03       		.byte	0x3
 572 0418 88       		.byte	0x88
 573 0419 AF000000 		.4byte	0xaf
 574 041d 7E       		.byte	0x7e
 575 041e 06       		.uleb128 0x6
 576 041f AE020000 		.4byte	.LASF90
 577 0423 03       		.byte	0x3
 578 0424 89       		.byte	0x89
 579 0425 AF000000 		.4byte	0xaf
 580 0429 7F       		.byte	0x7f
 581 042a 06       		.uleb128 0x6
 582 042b 40030000 		.4byte	.LASF91
 583 042f 03       		.byte	0x3
 584 0430 8A       		.byte	0x8a
 585 0431 AF000000 		.4byte	0xaf
 586 0435 80       		.byte	0x80
 587 0436 06       		.uleb128 0x6
 588 0437 BD040000 		.4byte	.LASF92
 589 043b 03       		.byte	0x3
 590 043c 8D       		.byte	0x8d
 591 043d DB000000 		.4byte	0xdb
 592 0441 84       		.byte	0x84
 593 0442 06       		.uleb128 0x6
 594 0443 EB010000 		.4byte	.LASF93
 595 0447 03       		.byte	0x3
 596 0448 8E       		.byte	0x8e
 597 0449 DB000000 		.4byte	0xdb
 598 044d 88       		.byte	0x88
 599 044e 06       		.uleb128 0x6
 600 044f B5090000 		.4byte	.LASF94
 601 0453 03       		.byte	0x3
 602 0454 8F       		.byte	0x8f
 603 0455 DB000000 		.4byte	0xdb
 604 0459 8C       		.byte	0x8c
 605 045a 06       		.uleb128 0x6
 606 045b 10050000 		.4byte	.LASF95
 607 045f 03       		.byte	0x3
 608 0460 90       		.byte	0x90
 609 0461 DB000000 		.4byte	0xdb
 610 0465 90       		.byte	0x90
 611 0466 06       		.uleb128 0x6
 612 0467 01030000 		.4byte	.LASF96
 613 046b 03       		.byte	0x3
 614 046c 91       		.byte	0x91
 615 046d DB000000 		.4byte	0xdb
 616 0471 94       		.byte	0x94
 617 0472 06       		.uleb128 0x6
 618 0473 A7040000 		.4byte	.LASF97
 619 0477 03       		.byte	0x3
 620 0478 92       		.byte	0x92
 621 0479 DB000000 		.4byte	0xdb
 622 047d 98       		.byte	0x98
 623 047e 06       		.uleb128 0x6
 624 047f DF090000 		.4byte	.LASF98
 625 0483 03       		.byte	0x3
 626 0484 93       		.byte	0x93
 627 0485 DB000000 		.4byte	0xdb
ARM GAS  C:\Users\rolf\AppData\Local\Temp\ccHwHvcV.s 			page 12


 628 0489 9C       		.byte	0x9c
 629 048a 06       		.uleb128 0x6
 630 048b 0F010000 		.4byte	.LASF99
 631 048f 03       		.byte	0x3
 632 0490 94       		.byte	0x94
 633 0491 DB000000 		.4byte	0xdb
 634 0495 A0       		.byte	0xa0
 635 0496 06       		.uleb128 0x6
 636 0497 A3010000 		.4byte	.LASF100
 637 049b 03       		.byte	0x3
 638 049c 95       		.byte	0x95
 639 049d C5000000 		.4byte	0xc5
 640 04a1 A4       		.byte	0xa4
 641 04a2 06       		.uleb128 0x6
 642 04a3 92040000 		.4byte	.LASF101
 643 04a7 03       		.byte	0x3
 644 04a8 96       		.byte	0x96
 645 04a9 C5000000 		.4byte	0xc5
 646 04ad A6       		.byte	0xa6
 647 04ae 06       		.uleb128 0x6
 648 04af 03070000 		.4byte	.LASF102
 649 04b3 03       		.byte	0x3
 650 04b4 97       		.byte	0x97
 651 04b5 C5000000 		.4byte	0xc5
 652 04b9 A8       		.byte	0xa8
 653 04ba 06       		.uleb128 0x6
 654 04bb 82080000 		.4byte	.LASF103
 655 04bf 03       		.byte	0x3
 656 04c0 98       		.byte	0x98
 657 04c1 C5000000 		.4byte	0xc5
 658 04c5 AA       		.byte	0xaa
 659 04c6 06       		.uleb128 0x6
 660 04c7 2F040000 		.4byte	.LASF104
 661 04cb 03       		.byte	0x3
 662 04cc 99       		.byte	0x99
 663 04cd C5000000 		.4byte	0xc5
 664 04d1 AC       		.byte	0xac
 665 04d2 06       		.uleb128 0x6
 666 04d3 80050000 		.4byte	.LASF105
 667 04d7 03       		.byte	0x3
 668 04d8 9A       		.byte	0x9a
 669 04d9 C5000000 		.4byte	0xc5
 670 04dd AE       		.byte	0xae
 671 04de 06       		.uleb128 0x6
 672 04df 05090000 		.4byte	.LASF106
 673 04e3 03       		.byte	0x3
 674 04e4 9D       		.byte	0x9d
 675 04e5 C5000000 		.4byte	0xc5
 676 04e9 B0       		.byte	0xb0
 677 04ea 06       		.uleb128 0x6
 678 04eb 39000000 		.4byte	.LASF107
 679 04ef 03       		.byte	0x3
 680 04f0 9E       		.byte	0x9e
 681 04f1 DB000000 		.4byte	0xdb
 682 04f5 B4       		.byte	0xb4
 683 04f6 00       		.byte	0
 684 04f7 04       		.uleb128 0x4
ARM GAS  C:\Users\rolf\AppData\Local\Temp\ccHwHvcV.s 			page 13


 685 04f8 76040000 		.4byte	.LASF108
 686 04fc 03       		.byte	0x3
 687 04fd 9F       		.byte	0x9f
 688 04fe E6000000 		.4byte	0xe6
 689 0502 03       		.uleb128 0x3
 690 0503 04       		.byte	0x4
 691 0504 04       		.byte	0x4
 692 0505 E2060000 		.4byte	.LASF109
 693 0509 03       		.uleb128 0x3
 694 050a 08       		.byte	0x8
 695 050b 04       		.byte	0x4
 696 050c 4B020000 		.4byte	.LASF110
 697 0510 07       		.uleb128 0x7
 698 0511 02       		.byte	0x2
 699 0512 04       		.byte	0x4
 700 0513 6401     		.2byte	0x164
 701 0515 34050000 		.4byte	0x534
 702 0519 08       		.uleb128 0x8
 703 051a F5090000 		.4byte	.LASF111
 704 051e 04       		.byte	0x4
 705 051f 6E01     		.2byte	0x16e
 706 0521 AF000000 		.4byte	0xaf
 707 0525 00       		.byte	0
 708 0526 08       		.uleb128 0x8
 709 0527 D4040000 		.4byte	.LASF112
 710 052b 04       		.byte	0x4
 711 052c 7201     		.2byte	0x172
 712 052e AF000000 		.4byte	0xaf
 713 0532 01       		.byte	0x1
 714 0533 00       		.byte	0
 715 0534 09       		.uleb128 0x9
 716 0535 A5000000 		.4byte	.LASF113
 717 0539 04       		.byte	0x4
 718 053a 7401     		.2byte	0x174
 719 053c 10050000 		.4byte	0x510
 720 0540 09       		.uleb128 0x9
 721 0541 E7040000 		.4byte	.LASF114
 722 0545 05       		.byte	0x5
 723 0546 7F01     		.2byte	0x17f
 724 0548 C5000000 		.4byte	0xc5
 725 054c 0A       		.uleb128 0xa
 726 054d 01       		.byte	0x1
 727 054e 4B000000 		.4byte	0x4b
 728 0552 06       		.byte	0x6
 729 0553 7E       		.byte	0x7e
 730 0554 71050000 		.4byte	0x571
 731 0558 0B       		.uleb128 0xb
 732 0559 94090000 		.4byte	.LASF115
 733 055d 00       		.byte	0
 734 055e 0B       		.uleb128 0xb
 735 055f 4A050000 		.4byte	.LASF116
 736 0563 01       		.byte	0x1
 737 0564 0B       		.uleb128 0xb
 738 0565 77090000 		.4byte	.LASF117
 739 0569 02       		.byte	0x2
 740 056a 0B       		.uleb128 0xb
 741 056b B8010000 		.4byte	.LASF118
ARM GAS  C:\Users\rolf\AppData\Local\Temp\ccHwHvcV.s 			page 14


 742 056f 03       		.byte	0x3
 743 0570 00       		.byte	0
 744 0571 04       		.uleb128 0x4
 745 0572 10020000 		.4byte	.LASF119
 746 0576 06       		.byte	0x6
 747 0577 83       		.byte	0x83
 748 0578 4C050000 		.4byte	0x54c
 749 057c 0A       		.uleb128 0xa
 750 057d 01       		.byte	0x1
 751 057e 4B000000 		.4byte	0x4b
 752 0582 06       		.byte	0x6
 753 0583 87       		.byte	0x87
 754 0584 B9050000 		.4byte	0x5b9
 755 0588 0B       		.uleb128 0xb
 756 0589 31090000 		.4byte	.LASF120
 757 058d 00       		.byte	0
 758 058e 0B       		.uleb128 0xb
 759 058f 5C0A0000 		.4byte	.LASF121
 760 0593 01       		.byte	0x1
 761 0594 0B       		.uleb128 0xb
 762 0595 6D030000 		.4byte	.LASF122
 763 0599 02       		.byte	0x2
 764 059a 0B       		.uleb128 0xb
 765 059b 16030000 		.4byte	.LASF123
 766 059f 03       		.byte	0x3
 767 05a0 0B       		.uleb128 0xb
 768 05a1 84020000 		.4byte	.LASF124
 769 05a5 04       		.byte	0x4
 770 05a6 0B       		.uleb128 0xb
 771 05a7 2D070000 		.4byte	.LASF125
 772 05ab 05       		.byte	0x5
 773 05ac 0B       		.uleb128 0xb
 774 05ad 89030000 		.4byte	.LASF126
 775 05b1 06       		.byte	0x6
 776 05b2 0B       		.uleb128 0xb
 777 05b3 BE060000 		.4byte	.LASF127
 778 05b7 07       		.byte	0x7
 779 05b8 00       		.byte	0
 780 05b9 04       		.uleb128 0x4
 781 05ba BE050000 		.4byte	.LASF128
 782 05be 06       		.byte	0x6
 783 05bf 90       		.byte	0x90
 784 05c0 7C050000 		.4byte	0x57c
 785 05c4 03       		.uleb128 0x3
 786 05c5 01       		.byte	0x1
 787 05c6 02       		.byte	0x2
 788 05c7 57070000 		.4byte	.LASF129
 789 05cb 05       		.uleb128 0x5
 790 05cc 04       		.byte	0x4
 791 05cd 07       		.byte	0x7
 792 05ce 3B       		.byte	0x3b
 793 05cf EC050000 		.4byte	0x5ec
 794 05d3 06       		.uleb128 0x6
 795 05d4 470A0000 		.4byte	.LASF130
 796 05d8 07       		.byte	0x7
 797 05d9 3E       		.byte	0x3e
 798 05da 40050000 		.4byte	0x540
ARM GAS  C:\Users\rolf\AppData\Local\Temp\ccHwHvcV.s 			page 15


 799 05de 00       		.byte	0
 800 05df 06       		.uleb128 0x6
 801 05e0 9E0A0000 		.4byte	.LASF131
 802 05e4 07       		.byte	0x7
 803 05e5 41       		.byte	0x41
 804 05e6 EC050000 		.4byte	0x5ec
 805 05ea 02       		.byte	0x2
 806 05eb 00       		.byte	0
 807 05ec 0C       		.uleb128 0xc
 808 05ed 40050000 		.4byte	0x540
 809 05f1 FC050000 		.4byte	0x5fc
 810 05f5 0D       		.uleb128 0xd
 811 05f6 A1000000 		.4byte	0xa1
 812 05fa 00       		.byte	0
 813 05fb 00       		.byte	0
 814 05fc 04       		.uleb128 0x4
 815 05fd CC070000 		.4byte	.LASF132
 816 0601 07       		.byte	0x7
 817 0602 43       		.byte	0x43
 818 0603 CB050000 		.4byte	0x5cb
 819 0607 05       		.uleb128 0x5
 820 0608 0A       		.byte	0xa
 821 0609 07       		.byte	0x7
 822 060a 46       		.byte	0x46
 823 060b 28060000 		.4byte	0x628
 824 060f 06       		.uleb128 0x6
 825 0610 BE000000 		.4byte	.LASF133
 826 0614 07       		.byte	0x7
 827 0615 49       		.byte	0x49
 828 0616 40050000 		.4byte	0x540
 829 061a 00       		.byte	0
 830 061b 06       		.uleb128 0x6
 831 061c D8020000 		.4byte	.LASF134
 832 0620 07       		.byte	0x7
 833 0621 4C       		.byte	0x4c
 834 0622 28060000 		.4byte	0x628
 835 0626 02       		.byte	0x2
 836 0627 00       		.byte	0
 837 0628 0C       		.uleb128 0xc
 838 0629 FC050000 		.4byte	0x5fc
 839 062d 38060000 		.4byte	0x638
 840 0631 0D       		.uleb128 0xd
 841 0632 A1000000 		.4byte	0xa1
 842 0636 01       		.byte	0x1
 843 0637 00       		.byte	0
 844 0638 04       		.uleb128 0x4
 845 0639 29080000 		.4byte	.LASF135
 846 063d 07       		.byte	0x7
 847 063e 4E       		.byte	0x4e
 848 063f 07060000 		.4byte	0x607
 849 0643 05       		.uleb128 0x5
 850 0644 04       		.byte	0x4
 851 0645 07       		.byte	0x7
 852 0646 90       		.byte	0x90
 853 0647 58060000 		.4byte	0x658
 854 064b 06       		.uleb128 0x6
 855 064c 70000000 		.4byte	.LASF136
ARM GAS  C:\Users\rolf\AppData\Local\Temp\ccHwHvcV.s 			page 16


 856 0650 07       		.byte	0x7
 857 0651 94       		.byte	0x94
 858 0652 58060000 		.4byte	0x658
 859 0656 00       		.byte	0
 860 0657 00       		.byte	0
 861 0658 0E       		.uleb128 0xe
 862 0659 04       		.byte	0x4
 863 065a 5E060000 		.4byte	0x65e
 864 065e 0F       		.uleb128 0xf
 865 065f 38060000 		.4byte	0x638
 866 0663 04       		.uleb128 0x4
 867 0664 0E080000 		.4byte	.LASF137
 868 0668 07       		.byte	0x7
 869 0669 9B       		.byte	0x9b
 870 066a 43060000 		.4byte	0x643
 871 066e 0C       		.uleb128 0xc
 872 066f 5E060000 		.4byte	0x65e
 873 0673 7E060000 		.4byte	0x67e
 874 0677 0D       		.uleb128 0xd
 875 0678 A1000000 		.4byte	0xa1
 876 067c 00       		.byte	0
 877 067d 00       		.byte	0
 878 067e 10       		.uleb128 0x10
 879 067f 4E040000 		.4byte	.LASF147
 880 0683 09       		.byte	0x9
 881 0684 1C       		.byte	0x1c
 882 0685 8F060000 		.4byte	0x68f
 883 0689 05       		.uleb128 0x5
 884 068a 03       		.byte	0x3
 885 068b 00000000 		.4byte	cy_ble_customs
 886 068f 0F       		.uleb128 0xf
 887 0690 6E060000 		.4byte	0x66e
 888 0694 11       		.uleb128 0x11
 889 0695 F9060000 		.4byte	.LASF138
 890 0699 03       		.byte	0x3
 891 069a A7       		.byte	0xa7
 892 069b 9F060000 		.4byte	0x69f
 893 069f 0E       		.uleb128 0xe
 894 06a0 04       		.byte	0x4
 895 06a1 A5060000 		.4byte	0x6a5
 896 06a5 0F       		.uleb128 0xf
 897 06a6 F7040000 		.4byte	0x4f7
 898 06aa 12       		.uleb128 0x12
 899 06ab 25010000 		.4byte	.LASF139
 900 06af 08       		.byte	0x8
 901 06b0 F907     		.2byte	0x7f9
 902 06b2 B6060000 		.4byte	0x6b6
 903 06b6 13       		.uleb128 0x13
 904 06b7 D0000000 		.4byte	0xd0
 905 06bb 12       		.uleb128 0x12
 906 06bc B8080000 		.4byte	.LASF140
 907 06c0 06       		.byte	0x6
 908 06c1 2202     		.2byte	0x222
 909 06c3 71050000 		.4byte	0x571
 910 06c7 0C       		.uleb128 0xc
 911 06c8 34050000 		.4byte	0x534
 912 06cc D7060000 		.4byte	0x6d7
ARM GAS  C:\Users\rolf\AppData\Local\Temp\ccHwHvcV.s 			page 17


 913 06d0 0D       		.uleb128 0xd
 914 06d1 A1000000 		.4byte	0xa1
 915 06d5 00       		.byte	0
 916 06d6 00       		.byte	0
 917 06d7 12       		.uleb128 0x12
 918 06d8 50090000 		.4byte	.LASF141
 919 06dc 06       		.byte	0x6
 920 06dd 2C02     		.2byte	0x22c
 921 06df C7060000 		.4byte	0x6c7
 922 06e3 0C       		.uleb128 0xc
 923 06e4 B9050000 		.4byte	0x5b9
 924 06e8 F3060000 		.4byte	0x6f3
 925 06ec 0D       		.uleb128 0xd
 926 06ed A1000000 		.4byte	0xa1
 927 06f1 00       		.byte	0
 928 06f2 00       		.byte	0
 929 06f3 12       		.uleb128 0x12
 930 06f4 3D040000 		.4byte	.LASF142
 931 06f8 06       		.byte	0x6
 932 06f9 2D02     		.2byte	0x22d
 933 06fb E3060000 		.4byte	0x6e3
 934 06ff 14       		.uleb128 0x14
 935 0700 8E050000 		.4byte	.LASF143
 936 0704 09       		.byte	0x9
 937 0705 48       		.byte	0x48
 938 0706 63060000 		.4byte	0x663
 939 070a 05       		.uleb128 0x5
 940 070b 03       		.byte	0x3
 941 070c 00000000 		.4byte	cy_ble_customConfig
 942 0710 00       		.byte	0
 943              		.section	.debug_abbrev,"",%progbits
 944              	.Ldebug_abbrev0:
 945 0000 01       		.uleb128 0x1
 946 0001 11       		.uleb128 0x11
 947 0002 01       		.byte	0x1
 948 0003 25       		.uleb128 0x25
 949 0004 0E       		.uleb128 0xe
 950 0005 13       		.uleb128 0x13
 951 0006 0B       		.uleb128 0xb
 952 0007 03       		.uleb128 0x3
 953 0008 0E       		.uleb128 0xe
 954 0009 1B       		.uleb128 0x1b
 955 000a 0E       		.uleb128 0xe
 956 000b 10       		.uleb128 0x10
 957 000c 17       		.uleb128 0x17
 958 000d 00       		.byte	0
 959 000e 00       		.byte	0
 960 000f 02       		.uleb128 0x2
 961 0010 24       		.uleb128 0x24
 962 0011 00       		.byte	0
 963 0012 0B       		.uleb128 0xb
 964 0013 0B       		.uleb128 0xb
 965 0014 3E       		.uleb128 0x3e
 966 0015 0B       		.uleb128 0xb
 967 0016 03       		.uleb128 0x3
 968 0017 08       		.uleb128 0x8
 969 0018 00       		.byte	0
ARM GAS  C:\Users\rolf\AppData\Local\Temp\ccHwHvcV.s 			page 18


 970 0019 00       		.byte	0
 971 001a 03       		.uleb128 0x3
 972 001b 24       		.uleb128 0x24
 973 001c 00       		.byte	0
 974 001d 0B       		.uleb128 0xb
 975 001e 0B       		.uleb128 0xb
 976 001f 3E       		.uleb128 0x3e
 977 0020 0B       		.uleb128 0xb
 978 0021 03       		.uleb128 0x3
 979 0022 0E       		.uleb128 0xe
 980 0023 00       		.byte	0
 981 0024 00       		.byte	0
 982 0025 04       		.uleb128 0x4
 983 0026 16       		.uleb128 0x16
 984 0027 00       		.byte	0
 985 0028 03       		.uleb128 0x3
 986 0029 0E       		.uleb128 0xe
 987 002a 3A       		.uleb128 0x3a
 988 002b 0B       		.uleb128 0xb
 989 002c 3B       		.uleb128 0x3b
 990 002d 0B       		.uleb128 0xb
 991 002e 49       		.uleb128 0x49
 992 002f 13       		.uleb128 0x13
 993 0030 00       		.byte	0
 994 0031 00       		.byte	0
 995 0032 05       		.uleb128 0x5
 996 0033 13       		.uleb128 0x13
 997 0034 01       		.byte	0x1
 998 0035 0B       		.uleb128 0xb
 999 0036 0B       		.uleb128 0xb
 1000 0037 3A       		.uleb128 0x3a
 1001 0038 0B       		.uleb128 0xb
 1002 0039 3B       		.uleb128 0x3b
 1003 003a 0B       		.uleb128 0xb
 1004 003b 01       		.uleb128 0x1
 1005 003c 13       		.uleb128 0x13
 1006 003d 00       		.byte	0
 1007 003e 00       		.byte	0
 1008 003f 06       		.uleb128 0x6
 1009 0040 0D       		.uleb128 0xd
 1010 0041 00       		.byte	0
 1011 0042 03       		.uleb128 0x3
 1012 0043 0E       		.uleb128 0xe
 1013 0044 3A       		.uleb128 0x3a
 1014 0045 0B       		.uleb128 0xb
 1015 0046 3B       		.uleb128 0x3b
 1016 0047 0B       		.uleb128 0xb
 1017 0048 49       		.uleb128 0x49
 1018 0049 13       		.uleb128 0x13
 1019 004a 38       		.uleb128 0x38
 1020 004b 0B       		.uleb128 0xb
 1021 004c 00       		.byte	0
 1022 004d 00       		.byte	0
 1023 004e 07       		.uleb128 0x7
 1024 004f 13       		.uleb128 0x13
 1025 0050 01       		.byte	0x1
 1026 0051 0B       		.uleb128 0xb
ARM GAS  C:\Users\rolf\AppData\Local\Temp\ccHwHvcV.s 			page 19


 1027 0052 0B       		.uleb128 0xb
 1028 0053 3A       		.uleb128 0x3a
 1029 0054 0B       		.uleb128 0xb
 1030 0055 3B       		.uleb128 0x3b
 1031 0056 05       		.uleb128 0x5
 1032 0057 01       		.uleb128 0x1
 1033 0058 13       		.uleb128 0x13
 1034 0059 00       		.byte	0
 1035 005a 00       		.byte	0
 1036 005b 08       		.uleb128 0x8
 1037 005c 0D       		.uleb128 0xd
 1038 005d 00       		.byte	0
 1039 005e 03       		.uleb128 0x3
 1040 005f 0E       		.uleb128 0xe
 1041 0060 3A       		.uleb128 0x3a
 1042 0061 0B       		.uleb128 0xb
 1043 0062 3B       		.uleb128 0x3b
 1044 0063 05       		.uleb128 0x5
 1045 0064 49       		.uleb128 0x49
 1046 0065 13       		.uleb128 0x13
 1047 0066 38       		.uleb128 0x38
 1048 0067 0B       		.uleb128 0xb
 1049 0068 00       		.byte	0
 1050 0069 00       		.byte	0
 1051 006a 09       		.uleb128 0x9
 1052 006b 16       		.uleb128 0x16
 1053 006c 00       		.byte	0
 1054 006d 03       		.uleb128 0x3
 1055 006e 0E       		.uleb128 0xe
 1056 006f 3A       		.uleb128 0x3a
 1057 0070 0B       		.uleb128 0xb
 1058 0071 3B       		.uleb128 0x3b
 1059 0072 05       		.uleb128 0x5
 1060 0073 49       		.uleb128 0x49
 1061 0074 13       		.uleb128 0x13
 1062 0075 00       		.byte	0
 1063 0076 00       		.byte	0
 1064 0077 0A       		.uleb128 0xa
 1065 0078 04       		.uleb128 0x4
 1066 0079 01       		.byte	0x1
 1067 007a 0B       		.uleb128 0xb
 1068 007b 0B       		.uleb128 0xb
 1069 007c 49       		.uleb128 0x49
 1070 007d 13       		.uleb128 0x13
 1071 007e 3A       		.uleb128 0x3a
 1072 007f 0B       		.uleb128 0xb
 1073 0080 3B       		.uleb128 0x3b
 1074 0081 0B       		.uleb128 0xb
 1075 0082 01       		.uleb128 0x1
 1076 0083 13       		.uleb128 0x13
 1077 0084 00       		.byte	0
 1078 0085 00       		.byte	0
 1079 0086 0B       		.uleb128 0xb
 1080 0087 28       		.uleb128 0x28
 1081 0088 00       		.byte	0
 1082 0089 03       		.uleb128 0x3
 1083 008a 0E       		.uleb128 0xe
ARM GAS  C:\Users\rolf\AppData\Local\Temp\ccHwHvcV.s 			page 20


 1084 008b 1C       		.uleb128 0x1c
 1085 008c 0B       		.uleb128 0xb
 1086 008d 00       		.byte	0
 1087 008e 00       		.byte	0
 1088 008f 0C       		.uleb128 0xc
 1089 0090 01       		.uleb128 0x1
 1090 0091 01       		.byte	0x1
 1091 0092 49       		.uleb128 0x49
 1092 0093 13       		.uleb128 0x13
 1093 0094 01       		.uleb128 0x1
 1094 0095 13       		.uleb128 0x13
 1095 0096 00       		.byte	0
 1096 0097 00       		.byte	0
 1097 0098 0D       		.uleb128 0xd
 1098 0099 21       		.uleb128 0x21
 1099 009a 00       		.byte	0
 1100 009b 49       		.uleb128 0x49
 1101 009c 13       		.uleb128 0x13
 1102 009d 2F       		.uleb128 0x2f
 1103 009e 0B       		.uleb128 0xb
 1104 009f 00       		.byte	0
 1105 00a0 00       		.byte	0
 1106 00a1 0E       		.uleb128 0xe
 1107 00a2 0F       		.uleb128 0xf
 1108 00a3 00       		.byte	0
 1109 00a4 0B       		.uleb128 0xb
 1110 00a5 0B       		.uleb128 0xb
 1111 00a6 49       		.uleb128 0x49
 1112 00a7 13       		.uleb128 0x13
 1113 00a8 00       		.byte	0
 1114 00a9 00       		.byte	0
 1115 00aa 0F       		.uleb128 0xf
 1116 00ab 26       		.uleb128 0x26
 1117 00ac 00       		.byte	0
 1118 00ad 49       		.uleb128 0x49
 1119 00ae 13       		.uleb128 0x13
 1120 00af 00       		.byte	0
 1121 00b0 00       		.byte	0
 1122 00b1 10       		.uleb128 0x10
 1123 00b2 34       		.uleb128 0x34
 1124 00b3 00       		.byte	0
 1125 00b4 03       		.uleb128 0x3
 1126 00b5 0E       		.uleb128 0xe
 1127 00b6 3A       		.uleb128 0x3a
 1128 00b7 0B       		.uleb128 0xb
 1129 00b8 3B       		.uleb128 0x3b
 1130 00b9 0B       		.uleb128 0xb
 1131 00ba 49       		.uleb128 0x49
 1132 00bb 13       		.uleb128 0x13
 1133 00bc 02       		.uleb128 0x2
 1134 00bd 18       		.uleb128 0x18
 1135 00be 00       		.byte	0
 1136 00bf 00       		.byte	0
 1137 00c0 11       		.uleb128 0x11
 1138 00c1 34       		.uleb128 0x34
 1139 00c2 00       		.byte	0
 1140 00c3 03       		.uleb128 0x3
ARM GAS  C:\Users\rolf\AppData\Local\Temp\ccHwHvcV.s 			page 21


 1141 00c4 0E       		.uleb128 0xe
 1142 00c5 3A       		.uleb128 0x3a
 1143 00c6 0B       		.uleb128 0xb
 1144 00c7 3B       		.uleb128 0x3b
 1145 00c8 0B       		.uleb128 0xb
 1146 00c9 49       		.uleb128 0x49
 1147 00ca 13       		.uleb128 0x13
 1148 00cb 3F       		.uleb128 0x3f
 1149 00cc 19       		.uleb128 0x19
 1150 00cd 3C       		.uleb128 0x3c
 1151 00ce 19       		.uleb128 0x19
 1152 00cf 00       		.byte	0
 1153 00d0 00       		.byte	0
 1154 00d1 12       		.uleb128 0x12
 1155 00d2 34       		.uleb128 0x34
 1156 00d3 00       		.byte	0
 1157 00d4 03       		.uleb128 0x3
 1158 00d5 0E       		.uleb128 0xe
 1159 00d6 3A       		.uleb128 0x3a
 1160 00d7 0B       		.uleb128 0xb
 1161 00d8 3B       		.uleb128 0x3b
 1162 00d9 05       		.uleb128 0x5
 1163 00da 49       		.uleb128 0x49
 1164 00db 13       		.uleb128 0x13
 1165 00dc 3F       		.uleb128 0x3f
 1166 00dd 19       		.uleb128 0x19
 1167 00de 3C       		.uleb128 0x3c
 1168 00df 19       		.uleb128 0x19
 1169 00e0 00       		.byte	0
 1170 00e1 00       		.byte	0
 1171 00e2 13       		.uleb128 0x13
 1172 00e3 35       		.uleb128 0x35
 1173 00e4 00       		.byte	0
 1174 00e5 49       		.uleb128 0x49
 1175 00e6 13       		.uleb128 0x13
 1176 00e7 00       		.byte	0
 1177 00e8 00       		.byte	0
 1178 00e9 14       		.uleb128 0x14
 1179 00ea 34       		.uleb128 0x34
 1180 00eb 00       		.byte	0
 1181 00ec 03       		.uleb128 0x3
 1182 00ed 0E       		.uleb128 0xe
 1183 00ee 3A       		.uleb128 0x3a
 1184 00ef 0B       		.uleb128 0xb
 1185 00f0 3B       		.uleb128 0x3b
 1186 00f1 0B       		.uleb128 0xb
 1187 00f2 49       		.uleb128 0x49
 1188 00f3 13       		.uleb128 0x13
 1189 00f4 3F       		.uleb128 0x3f
 1190 00f5 19       		.uleb128 0x19
 1191 00f6 02       		.uleb128 0x2
 1192 00f7 18       		.uleb128 0x18
 1193 00f8 00       		.byte	0
 1194 00f9 00       		.byte	0
 1195 00fa 00       		.byte	0
 1196              		.section	.debug_aranges,"",%progbits
 1197 0000 14000000 		.4byte	0x14
ARM GAS  C:\Users\rolf\AppData\Local\Temp\ccHwHvcV.s 			page 22


 1198 0004 0200     		.2byte	0x2
 1199 0006 00000000 		.4byte	.Ldebug_info0
 1200 000a 04       		.byte	0x4
 1201 000b 00       		.byte	0
 1202 000c 0000     		.2byte	0
 1203 000e 0000     		.2byte	0
 1204 0010 00000000 		.4byte	0
 1205 0014 00000000 		.4byte	0
 1206              		.section	.debug_line,"",%progbits
 1207              	.Ldebug_line0:
 1208 0000 3F020000 		.section	.debug_str,"MS",%progbits,1
 1208      02003902 
 1208      00000201 
 1208      FB0E0D00 
 1208      01010101 
 1209              	.LASF57:
 1210 0000 70726F74 		.ascii	"protBusMasterMask\000"
 1210      4275734D 
 1210      61737465 
 1210      724D6173 
 1210      6B00
 1211              	.LASF67:
 1212 0012 666C6173 		.ascii	"flashCtlMainWs3Freq\000"
 1212      6843746C 
 1212      4D61696E 
 1212      57733346 
 1212      72657100 
 1213              	.LASF89:
 1214 0026 6770696F 		.ascii	"gpioPrtCfgInOffset\000"
 1214      50727443 
 1214      6667496E 
 1214      4F666673 
 1214      657400
 1215              	.LASF107:
 1216 0039 6970634C 		.ascii	"ipcLockStatusOffset\000"
 1216      6F636B53 
 1216      74617475 
 1216      734F6666 
 1216      73657400 
 1217              	.LASF33:
 1218 004d 63727970 		.ascii	"cryptoVersion\000"
 1218      746F5665 
 1218      7273696F 
 1218      6E00
 1219              	.LASF51:
 1220 005b 70657269 		.ascii	"periClockNr\000"
 1220      436C6F63 
 1220      6B4E7200 
 1221              	.LASF29:
 1222 0067 70617373 		.ascii	"passBase\000"
 1222      42617365 
 1222      00
 1223              	.LASF136:
 1224 0070 63757374 		.ascii	"customs\000"
 1224      6F6D7300 
 1225              	.LASF42:
 1226 0078 63707573 		.ascii	"cpussIpcIrqNr\000"
ARM GAS  C:\Users\rolf\AppData\Local\Temp\ccHwHvcV.s 			page 23


 1226      73497063 
 1226      4972714E 
 1226      7200
 1227              	.LASF5:
 1228 0086 5F5F7569 		.ascii	"__uint8_t\000"
 1228      6E74385F 
 1228      7400
 1229              	.LASF86:
 1230 0090 70657269 		.ascii	"periDiv24_5CtlOffset\000"
 1230      44697632 
 1230      345F3543 
 1230      746C4F66 
 1230      66736574 
 1231              	.LASF113:
 1232 00a5 63795F73 		.ascii	"cy_stc_ble_conn_handle_t\000"
 1232      74635F62 
 1232      6C655F63 
 1232      6F6E6E5F 
 1232      68616E64 
 1233              	.LASF133:
 1234 00be 63757374 		.ascii	"customServHandle\000"
 1234      6F6D5365 
 1234      72764861 
 1234      6E646C65 
 1234      00
 1235              	.LASF22:
 1236 00cf 63707573 		.ascii	"cpussBase\000"
 1236      73426173 
 1236      6500
 1237              	.LASF71:
 1238 00d9 64774368 		.ascii	"dwChCtlPrioPos\000"
 1238      43746C50 
 1238      72696F50 
 1238      6F7300
 1239              	.LASF14:
 1240 00e8 6C6F6E67 		.ascii	"long long unsigned int\000"
 1240      206C6F6E 
 1240      6720756E 
 1240      7369676E 
 1240      65642069 
 1241              	.LASF75:
 1242 00ff 70657269 		.ascii	"periTrCmdOffset\000"
 1242      5472436D 
 1242      644F6666 
 1242      73657400 
 1243              	.LASF99:
 1244 010f 63707573 		.ascii	"cpussSysTickCtlOffset\000"
 1244      73537973 
 1244      5469636B 
 1244      43746C4F 
 1244      66667365 
 1245              	.LASF139:
 1246 0125 49544D5F 		.ascii	"ITM_RxBuffer\000"
 1246      52784275 
 1246      66666572 
 1246      00
 1247              	.LASF60:
ARM GAS  C:\Users\rolf\AppData\Local\Temp\ccHwHvcV.s 			page 24


 1248 0132 666C6173 		.ascii	"flashPipeRequired\000"
 1248      68506970 
 1248      65526571 
 1248      75697265 
 1248      6400
 1249              	.LASF64:
 1250 0144 666C6173 		.ascii	"flashCtlMainWs0Freq\000"
 1250      6843746C 
 1250      4D61696E 
 1250      57733046 
 1250      72657100 
 1251              	.LASF18:
 1252 0158 696E7431 		.ascii	"int16_t\000"
 1252      365F7400 
 1253              	.LASF1:
 1254 0160 6C6F6E67 		.ascii	"long long int\000"
 1254      206C6F6E 
 1254      6720696E 
 1254      7400
 1255              	.LASF3:
 1256 016e 7369676E 		.ascii	"signed char\000"
 1256      65642063 
 1256      68617200 
 1257              	.LASF80:
 1258 017a 70657269 		.ascii	"periDivCmdTypeSelPos\000"
 1258      44697643 
 1258      6D645479 
 1258      70655365 
 1258      6C506F73 
 1259              	.LASF26:
 1260 018f 70726F74 		.ascii	"protBase\000"
 1260      42617365 
 1260      00
 1261              	.LASF38:
 1262 0198 69706356 		.ascii	"ipcVersion\000"
 1262      65727369 
 1262      6F6E00
 1263              	.LASF100:
 1264 01a3 63707573 		.ascii	"cpussCm0NmiCtlOffset\000"
 1264      73436D30 
 1264      4E6D6943 
 1264      746C4F66 
 1264      66736574 
 1265              	.LASF118:
 1266 01b8 43595F42 		.ascii	"CY_BLE_ADV_STATE_STOP_INITIATED\000"
 1266      4C455F41 
 1266      44565F53 
 1266      54415445 
 1266      5F53544F 
 1267              	.LASF27:
 1268 01d8 6873696F 		.ascii	"hsiomBase\000"
 1268      6D426173 
 1268      6500
 1269              	.LASF11:
 1270 01e2 6C6F6E67 		.ascii	"long int\000"
 1270      20696E74 
 1270      00
ARM GAS  C:\Users\rolf\AppData\Local\Temp\ccHwHvcV.s 			page 25


 1271              	.LASF93:
 1272 01eb 63707573 		.ascii	"cpussCm4ClockCtlOffset\000"
 1272      73436D34 
 1272      436C6F63 
 1272      6B43746C 
 1272      4F666673 
 1273              	.LASF58:
 1274 0202 63727970 		.ascii	"cryptoMemSize\000"
 1274      746F4D65 
 1274      6D53697A 
 1274      6500
 1275              	.LASF119:
 1276 0210 63795F65 		.ascii	"cy_en_ble_adv_state_t\000"
 1276      6E5F626C 
 1276      655F6164 
 1276      765F7374 
 1276      6174655F 
 1277              	.LASF24:
 1278 0226 70657269 		.ascii	"periBase\000"
 1278      42617365 
 1278      00
 1279              	.LASF56:
 1280 022f 73797350 		.ascii	"sysPmSimoPresent\000"
 1280      6D53696D 
 1280      6F507265 
 1280      73656E74 
 1280      00
 1281              	.LASF46:
 1282 0240 63707573 		.ascii	"cpussFmIrq\000"
 1282      73466D49 
 1282      727100
 1283              	.LASF110:
 1284 024b 646F7562 		.ascii	"double\000"
 1284      6C6500
 1285              	.LASF85:
 1286 0252 70657269 		.ascii	"periDiv16_5CtlOffset\000"
 1286      44697631 
 1286      365F3543 
 1286      746C4F66 
 1286      66736574 
 1287              	.LASF49:
 1288 0267 73727373 		.ascii	"srssNumPll\000"
 1288      4E756D50 
 1288      6C6C00
 1289              	.LASF83:
 1290 0272 70657269 		.ascii	"periDiv8CtlOffset\000"
 1290      44697638 
 1290      43746C4F 
 1290      66667365 
 1290      7400
 1291              	.LASF124:
 1292 0284 43595F42 		.ascii	"CY_BLE_CONN_STATE_CLIENT_INCL_DISCOVERING\000"
 1292      4C455F43 
 1292      4F4E4E5F 
 1292      53544154 
 1292      455F434C 
 1293              	.LASF90:
ARM GAS  C:\Users\rolf\AppData\Local\Temp\ccHwHvcV.s 			page 26


 1294 02ae 6770696F 		.ascii	"gpioPrtCfgOutOffset\000"
 1294      50727443 
 1294      66674F75 
 1294      744F6666 
 1294      73657400 
 1295              	.LASF23:
 1296 02c2 666C6173 		.ascii	"flashcBase\000"
 1296      68634261 
 1296      736500
 1297              	.LASF12:
 1298 02cd 5F5F7569 		.ascii	"__uint32_t\000"
 1298      6E743332 
 1298      5F7400
 1299              	.LASF134:
 1300 02d8 63757374 		.ascii	"customServInfo\000"
 1300      6F6D5365 
 1300      7276496E 
 1300      666F00
 1301              	.LASF53:
 1302 02e7 70617373 		.ascii	"passSarChannels\000"
 1302      53617243 
 1302      68616E6E 
 1302      656C7300 
 1303              	.LASF6:
 1304 02f7 5F5F696E 		.ascii	"__int16_t\000"
 1304      7431365F 
 1304      7400
 1305              	.LASF96:
 1306 0301 63707573 		.ascii	"cpussCm4PwrCtlOffset\000"
 1306      73436D34 
 1306      50777243 
 1306      746C4F66 
 1306      66736574 
 1307              	.LASF123:
 1308 0316 43595F42 		.ascii	"CY_BLE_CONN_STATE_CLIENT_SRVC_DISCOVERING\000"
 1308      4C455F43 
 1308      4F4E4E5F 
 1308      53544154 
 1308      455F434C 
 1309              	.LASF91:
 1310 0340 6770696F 		.ascii	"gpioPrtCfgSioOffset\000"
 1310      50727443 
 1310      66675369 
 1310      6F4F6666 
 1310      73657400 
 1311              	.LASF43:
 1312 0354 63707573 		.ascii	"cpussDwChNr\000"
 1312      73447743 
 1312      684E7200 
 1313              	.LASF0:
 1314 0360 756E7369 		.ascii	"unsigned int\000"
 1314      676E6564 
 1314      20696E74 
 1314      00
 1315              	.LASF122:
 1316 036d 43595F42 		.ascii	"CY_BLE_CONN_STATE_CONNECTED\000"
 1316      4C455F43 
ARM GAS  C:\Users\rolf\AppData\Local\Temp\ccHwHvcV.s 			page 27


 1316      4F4E4E5F 
 1316      53544154 
 1316      455F434F 
 1317              	.LASF126:
 1318 0389 43595F42 		.ascii	"CY_BLE_CONN_STATE_CLIENT_DESCR_DISCOVERING\000"
 1318      4C455F43 
 1318      4F4E4E5F 
 1318      53544154 
 1318      455F434C 
 1319              	.LASF19:
 1320 03b4 75696E74 		.ascii	"uint16_t\000"
 1320      31365F74 
 1320      00
 1321              	.LASF76:
 1322 03bd 70657269 		.ascii	"periTrCmdGrSelMsk\000"
 1322      5472436D 
 1322      64477253 
 1322      656C4D73 
 1322      6B00
 1323              	.LASF13:
 1324 03cf 6C6F6E67 		.ascii	"long unsigned int\000"
 1324      20756E73 
 1324      69676E65 
 1324      6420696E 
 1324      7400
 1325              	.LASF41:
 1326 03e1 63707573 		.ascii	"cpussIpcNr\000"
 1326      73497063 
 1326      4E7200
 1327              	.LASF28:
 1328 03ec 6770696F 		.ascii	"gpioBase\000"
 1328      42617365 
 1328      00
 1329              	.LASF145:
 1330 03f5 47656E65 		.ascii	"Generated_Source\\PSoC6\\BLE_custom_config.c\000"
 1330      72617465 
 1330      645F536F 
 1330      75726365 
 1330      5C50536F 
 1331              	.LASF77:
 1332 0420 70657269 		.ascii	"periTrGrOffset\000"
 1332      54724772 
 1332      4F666673 
 1332      657400
 1333              	.LASF104:
 1334 042f 63707573 		.ascii	"cpussRam1Ctl0\000"
 1334      7352616D 
 1334      3143746C 
 1334      3000
 1335              	.LASF142:
 1336 043d 63795F62 		.ascii	"cy_ble_connState\000"
 1336      6C655F63 
 1336      6F6E6E53 
 1336      74617465 
 1336      00
 1337              	.LASF147:
 1338 044e 63795F62 		.ascii	"cy_ble_customs\000"
ARM GAS  C:\Users\rolf\AppData\Local\Temp\ccHwHvcV.s 			page 28


 1338      6C655F63 
 1338      7573746F 
 1338      6D7300
 1339              	.LASF78:
 1340 045d 70657269 		.ascii	"periTrGrSize\000"
 1340      54724772 
 1340      53697A65 
 1340      00
 1341              	.LASF36:
 1342 046a 6770696F 		.ascii	"gpioVersion\000"
 1342      56657273 
 1342      696F6E00 
 1343              	.LASF108:
 1344 0476 63795F73 		.ascii	"cy_stc_device_t\000"
 1344      74635F64 
 1344      65766963 
 1344      655F7400 
 1345              	.LASF54:
 1346 0486 65704D6F 		.ascii	"epMonitorNr\000"
 1346      6E69746F 
 1346      724E7200 
 1347              	.LASF101:
 1348 0492 63707573 		.ascii	"cpussCm4NmiCtlOffset\000"
 1348      73436D34 
 1348      4E6D6943 
 1348      746C4F66 
 1348      66736574 
 1349              	.LASF97:
 1350 04a7 63707573 		.ascii	"cpussTrimRamCtlOffset\000"
 1350      73547269 
 1350      6D52616D 
 1350      43746C4F 
 1350      66667365 
 1351              	.LASF92:
 1352 04bd 63707573 		.ascii	"cpussCm0ClockCtlOffset\000"
 1352      73436D30 
 1352      436C6F63 
 1352      6B43746C 
 1352      4F666673 
 1353              	.LASF112:
 1354 04d4 61747449 		.ascii	"attId\000"
 1354      6400
 1355              	.LASF32:
 1356 04da 63707573 		.ascii	"cpussVersion\000"
 1356      73566572 
 1356      73696F6E 
 1356      00
 1357              	.LASF114:
 1358 04e7 63795F62 		.ascii	"cy_ble_gatt_db_attr_handle_t\000"
 1358      6C655F67 
 1358      6174745F 
 1358      64625F61 
 1358      7474725F 
 1359              	.LASF39:
 1360 0504 70657269 		.ascii	"periVersion\000"
 1360      56657273 
 1360      696F6E00 
ARM GAS  C:\Users\rolf\AppData\Local\Temp\ccHwHvcV.s 			page 29


 1361              	.LASF95:
 1362 0510 63707573 		.ascii	"cpussCm0StatusOffset\000"
 1362      73436D30 
 1362      53746174 
 1362      75734F66 
 1362      66736574 
 1363              	.LASF15:
 1364 0525 73697A65 		.ascii	"sizetype\000"
 1364      74797065 
 1364      00
 1365              	.LASF69:
 1366 052e 64774368 		.ascii	"dwChOffset\000"
 1366      4F666673 
 1366      657400
 1367              	.LASF44:
 1368 0539 63707573 		.ascii	"cpussFlashPaSize\000"
 1368      73466C61 
 1368      73685061 
 1368      53697A65 
 1368      00
 1369              	.LASF116:
 1370 054a 43595F42 		.ascii	"CY_BLE_ADV_STATE_ADV_INITIATED\000"
 1370      4C455F41 
 1370      44565F53 
 1370      54415445 
 1370      5F414456 
 1371              	.LASF82:
 1372 0569 70657269 		.ascii	"periDivCmdPaTypeSelPos\000"
 1372      44697643 
 1372      6D645061 
 1372      54797065 
 1372      53656C50 
 1373              	.LASF105:
 1374 0580 63707573 		.ascii	"cpussRam2Ctl0\000"
 1374      7352616D 
 1374      3243746C 
 1374      3000
 1375              	.LASF143:
 1376 058e 63795F62 		.ascii	"cy_ble_customConfig\000"
 1376      6C655F63 
 1376      7573746F 
 1376      6D436F6E 
 1376      66696700 
 1377              	.LASF73:
 1378 05a2 64775374 		.ascii	"dwStatusChIdxPos\000"
 1378      61747573 
 1378      43684964 
 1378      78506F73 
 1378      00
 1379              	.LASF55:
 1380 05b3 75646250 		.ascii	"udbPresent\000"
 1380      72657365 
 1380      6E7400
 1381              	.LASF128:
 1382 05be 63795F65 		.ascii	"cy_en_ble_conn_state_t\000"
 1382      6E5F626C 
 1382      655F636F 
ARM GAS  C:\Users\rolf\AppData\Local\Temp\ccHwHvcV.s 			page 30


 1382      6E6E5F73 
 1382      74617465 
 1383              	.LASF35:
 1384 05d5 666C6173 		.ascii	"flashcVersion\000"
 1384      68635665 
 1384      7273696F 
 1384      6E00
 1385              	.LASF31:
 1386 05e3 63727970 		.ascii	"cryptoBase\000"
 1386      746F4261 
 1386      736500
 1387              	.LASF52:
 1388 05ee 736D6966 		.ascii	"smifDeviceNr\000"
 1388      44657669 
 1388      63654E72 
 1388      00
 1389              	.LASF144:
 1390 05fb 474E5520 		.ascii	"GNU C11 5.4.1 20160609 (release) [ARM/embedded-5-br"
 1390      43313120 
 1390      352E342E 
 1390      31203230 
 1390      31363036 
 1391 062e 616E6368 		.ascii	"anch revision 237715] -mcpu=cortex-m4 -mfloat-abi=s"
 1391      20726576 
 1391      6973696F 
 1391      6E203233 
 1391      37373135 
 1392 0661 6F667466 		.ascii	"oftfp -mfpu=fpv4-sp-d16 -mthumb -g -Og -ffunction-s"
 1392      70202D6D 
 1392      6670753D 
 1392      66707634 
 1392      2D73702D 
 1393 0694 65637469 		.ascii	"ections -ffat-lto-objects\000"
 1393      6F6E7320 
 1393      2D666661 
 1393      742D6C74 
 1393      6F2D6F62 
 1394              	.LASF61:
 1395 06ae 666C6173 		.ascii	"flashWriteDelay\000"
 1395      68577269 
 1395      74654465 
 1395      6C617900 
 1396              	.LASF127:
 1397 06be 43595F42 		.ascii	"CY_BLE_CONN_STATE_CLIENT_DISCOVERED\000"
 1397      4C455F43 
 1397      4F4E4E5F 
 1397      53544154 
 1397      455F434C 
 1398              	.LASF109:
 1399 06e2 666C6F61 		.ascii	"float\000"
 1399      7400
 1400              	.LASF74:
 1401 06e8 64775374 		.ascii	"dwStatusChIdxMsk\000"
 1401      61747573 
 1401      43684964 
 1401      784D736B 
 1401      00
ARM GAS  C:\Users\rolf\AppData\Local\Temp\ccHwHvcV.s 			page 31


 1402              	.LASF138:
 1403 06f9 63795F64 		.ascii	"cy_device\000"
 1403      65766963 
 1403      6500
 1404              	.LASF102:
 1405 0703 63707573 		.ascii	"cpussRomCtl\000"
 1405      73526F6D 
 1405      43746C00 
 1406              	.LASF72:
 1407 070f 64774368 		.ascii	"dwChCtlPreemptablePos\000"
 1407      43746C50 
 1407      7265656D 
 1407      70746162 
 1407      6C65506F 
 1408              	.LASF25:
 1409 0725 75646242 		.ascii	"udbBase\000"
 1409      61736500 
 1410              	.LASF125:
 1411 072d 43595F42 		.ascii	"CY_BLE_CONN_STATE_CLIENT_CHAR_DISCOVERING\000"
 1411      4C455F43 
 1411      4F4E4E5F 
 1411      53544154 
 1411      455F434C 
 1412              	.LASF129:
 1413 0757 5F426F6F 		.ascii	"_Bool\000"
 1413      6C00
 1414              	.LASF20:
 1415 075d 696E7433 		.ascii	"int32_t\000"
 1415      325F7400 
 1416              	.LASF4:
 1417 0765 756E7369 		.ascii	"unsigned char\000"
 1417      676E6564 
 1417      20636861 
 1417      7200
 1418              	.LASF68:
 1419 0773 666C6173 		.ascii	"flashCtlMainWs4Freq\000"
 1419      6843746C 
 1419      4D61696E 
 1419      57733446 
 1419      72657100 
 1420              	.LASF146:
 1421 0787 5C5C4D61 		.ascii	"\\\\Mac\\Data\\VScode\\Onethinx\\BLE_DEMO\\Onethinx"
 1421      635C4461 
 1421      74615C56 
 1421      53636F64 
 1421      655C4F6E 
 1422 07b3 5F437265 		.ascii	"_Creator.cydsn\000"
 1422      61746F72 
 1422      2E637964 
 1422      736E00
 1423              	.LASF7:
 1424 07c2 73686F72 		.ascii	"short int\000"
 1424      7420696E 
 1424      7400
 1425              	.LASF132:
 1426 07cc 63795F73 		.ascii	"cy_stc_ble_customs_info_t\000"
 1426      74635F62 
ARM GAS  C:\Users\rolf\AppData\Local\Temp\ccHwHvcV.s 			page 32


 1426      6C655F63 
 1426      7573746F 
 1426      6D735F69 
 1427              	.LASF79:
 1428 07e6 70657269 		.ascii	"periDivCmdDivSelMsk\000"
 1428      44697643 
 1428      6D644469 
 1428      7653656C 
 1428      4D736B00 
 1429              	.LASF66:
 1430 07fa 666C6173 		.ascii	"flashCtlMainWs2Freq\000"
 1430      6843746C 
 1430      4D61696E 
 1430      57733246 
 1430      72657100 
 1431              	.LASF137:
 1432 080e 63795F73 		.ascii	"cy_stc_ble_custom_config_t\000"
 1432      74635F62 
 1432      6C655F63 
 1432      7573746F 
 1432      6D5F636F 
 1433              	.LASF135:
 1434 0829 63795F73 		.ascii	"cy_stc_ble_customs_t\000"
 1434      74635F62 
 1434      6C655F63 
 1434      7573746F 
 1434      6D735F74 
 1435              	.LASF50:
 1436 083e 73727373 		.ascii	"srssNumHfroot\000"
 1436      4E756D48 
 1436      66726F6F 
 1436      7400
 1437              	.LASF63:
 1438 084c 666C6173 		.ascii	"flashEraseDelay\000"
 1438      68457261 
 1438      73654465 
 1438      6C617900 
 1439              	.LASF21:
 1440 085c 75696E74 		.ascii	"uint32_t\000"
 1440      33325F74 
 1440      00
 1441              	.LASF2:
 1442 0865 6C6F6E67 		.ascii	"long double\000"
 1442      20646F75 
 1442      626C6500 
 1443              	.LASF16:
 1444 0871 63686172 		.ascii	"char\000"
 1444      00
 1445              	.LASF40:
 1446 0876 70726F74 		.ascii	"protVersion\000"
 1446      56657273 
 1446      696F6E00 
 1447              	.LASF103:
 1448 0882 63707573 		.ascii	"cpussRam0Ctl0\000"
 1448      7352616D 
 1448      3043746C 
 1448      3000
ARM GAS  C:\Users\rolf\AppData\Local\Temp\ccHwHvcV.s 			page 33


 1449              	.LASF8:
 1450 0890 5F5F7569 		.ascii	"__uint16_t\000"
 1450      6E743136 
 1450      5F7400
 1451              	.LASF84:
 1452 089b 70657269 		.ascii	"periDiv16CtlOffset\000"
 1452      44697631 
 1452      3643746C 
 1452      4F666673 
 1452      657400
 1453              	.LASF10:
 1454 08ae 5F5F696E 		.ascii	"__int32_t\000"
 1454      7433325F 
 1454      7400
 1455              	.LASF140:
 1456 08b8 63795F62 		.ascii	"cy_ble_advState\000"
 1456      6C655F61 
 1456      64765374 
 1456      61746500 
 1457              	.LASF37:
 1458 08c8 6873696F 		.ascii	"hsiomVersion\000"
 1458      6D566572 
 1458      73696F6E 
 1458      00
 1459              	.LASF65:
 1460 08d5 666C6173 		.ascii	"flashCtlMainWs1Freq\000"
 1460      6843746C 
 1460      4D61696E 
 1460      57733146 
 1460      72657100 
 1461              	.LASF9:
 1462 08e9 73686F72 		.ascii	"short unsigned int\000"
 1462      7420756E 
 1462      7369676E 
 1462      65642069 
 1462      6E7400
 1463              	.LASF70:
 1464 08fc 64774368 		.ascii	"dwChSize\000"
 1464      53697A65 
 1464      00
 1465              	.LASF106:
 1466 0905 69706353 		.ascii	"ipcStructSize\000"
 1466      74727563 
 1466      7453697A 
 1466      6500
 1467              	.LASF45:
 1468 0913 63707573 		.ascii	"cpussIpc0Irq\000"
 1468      73497063 
 1468      30497271 
 1468      00
 1469              	.LASF88:
 1470 0920 6770696F 		.ascii	"gpioPrtCfgOffset\000"
 1470      50727443 
 1470      66674F66 
 1470      66736574 
 1470      00
 1471              	.LASF120:
ARM GAS  C:\Users\rolf\AppData\Local\Temp\ccHwHvcV.s 			page 34


 1472 0931 43595F42 		.ascii	"CY_BLE_CONN_STATE_DISCONNECTED\000"
 1472      4C455F43 
 1472      4F4E4E5F 
 1472      53544154 
 1472      455F4449 
 1473              	.LASF141:
 1474 0950 63795F62 		.ascii	"cy_ble_connHandle\000"
 1474      6C655F63 
 1474      6F6E6E48 
 1474      616E646C 
 1474      6500
 1475              	.LASF47:
 1476 0962 63707573 		.ascii	"cpussNotConnectedIrq\000"
 1476      734E6F74 
 1476      436F6E6E 
 1476      65637465 
 1476      64497271 
 1477              	.LASF117:
 1478 0977 43595F42 		.ascii	"CY_BLE_ADV_STATE_ADVERTISING\000"
 1478      4C455F41 
 1478      44565F53 
 1478      54415445 
 1478      5F414456 
 1479              	.LASF115:
 1480 0994 43595F42 		.ascii	"CY_BLE_ADV_STATE_STOPPED\000"
 1480      4C455F41 
 1480      44565F53 
 1480      54415445 
 1480      5F53544F 
 1481              	.LASF17:
 1482 09ad 75696E74 		.ascii	"uint8_t\000"
 1482      385F7400 
 1483              	.LASF94:
 1484 09b5 63707573 		.ascii	"cpussCm4StatusOffset\000"
 1484      73436D34 
 1484      53746174 
 1484      75734F66 
 1484      66736574 
 1485              	.LASF87:
 1486 09ca 6770696F 		.ascii	"gpioPrtIntrCfgOffset\000"
 1486      50727449 
 1486      6E747243 
 1486      66674F66 
 1486      66736574 
 1487              	.LASF98:
 1488 09df 63707573 		.ascii	"cpussTrimRomCtlOffset\000"
 1488      73547269 
 1488      6D526F6D 
 1488      43746C4F 
 1488      66667365 
 1489              	.LASF111:
 1490 09f5 62644861 		.ascii	"bdHandle\000"
 1490      6E646C65 
 1490      00
 1491              	.LASF48:
 1492 09fe 73727373 		.ascii	"srssNumClkpath\000"
 1492      4E756D43 
ARM GAS  C:\Users\rolf\AppData\Local\Temp\ccHwHvcV.s 			page 35


 1492      6C6B7061 
 1492      746800
 1493              	.LASF34:
 1494 0a0d 64775665 		.ascii	"dwVersion\000"
 1494      7273696F 
 1494      6E00
 1495              	.LASF30:
 1496 0a17 69706342 		.ascii	"ipcBase\000"
 1496      61736500 
 1497              	.LASF81:
 1498 0a1f 70657269 		.ascii	"periDivCmdPaDivSelPos\000"
 1498      44697643 
 1498      6D645061 
 1498      44697653 
 1498      656C506F 
 1499              	.LASF62:
 1500 0a35 666C6173 		.ascii	"flashProgramDelay\000"
 1500      6850726F 
 1500      6772616D 
 1500      44656C61 
 1500      7900
 1501              	.LASF130:
 1502 0a47 63757374 		.ascii	"customServCharHandle\000"
 1502      6F6D5365 
 1502      72764368 
 1502      61724861 
 1502      6E646C65 
 1503              	.LASF121:
 1504 0a5c 43595F42 		.ascii	"CY_BLE_CONN_STATE_CLIENT_DISCONNECTED_DISCOVERED\000"
 1504      4C455F43 
 1504      4F4E4E5F 
 1504      53544154 
 1504      455F434C 
 1505              	.LASF59:
 1506 0a8d 666C6173 		.ascii	"flashRwwRequired\000"
 1506      68527777 
 1506      52657175 
 1506      69726564 
 1506      00
 1507              	.LASF131:
 1508 0a9e 63757374 		.ascii	"customServCharDesc\000"
 1508      6F6D5365 
 1508      72764368 
 1508      61724465 
 1508      736300
 1509              		.ident	"GCC: (GNU Tools for ARM Embedded Processors) 5.4.1 20160609 (release) [ARM/embedded-5-bran
